<?xml version="1.0" encoding="UTF-8"?>
<testng-results skipped="0" failed="0" ignored="0" total="1" passed="1">
  <reporter-output>
  </reporter-output>
  <suite name="Default suite" duration-ms="23430" started-at="2021-08-26T06:44:59Z" finished-at="2021-08-26T06:45:22Z">
    <groups>
    </groups>
    <test name="Default test" duration-ms="23430" started-at="2021-08-26T06:44:59Z" finished-at="2021-08-26T06:45:22Z">
      <class name="com.tests.AccountPinPageTest">
        <test-method status="PASS" signature="StartReport()[pri:0, instance:com.tests.AccountPinPageTest@335eadca]" name="StartReport" is-config="true" duration-ms="156" started-at="2021-08-26T12:14:58Z" finished-at="2021-08-26T12:14:59Z">
          <reporter-output>
          </reporter-output>
        </test-method> <!-- StartReport -->
        <test-method status="PASS" signature="allPages()[pri:0, instance:com.tests.AccountPinPageTest@335eadca]" name="allPages" is-config="true" duration-ms="0" started-at="2021-08-26T12:14:59Z" finished-at="2021-08-26T12:14:59Z">
          <reporter-output>
          </reporter-output>
        </test-method> <!-- allPages -->
        <test-method status="PASS" signature="setUp()[pri:0, instance:com.tests.AccountPinPageTest@335eadca]" name="setUp" is-config="true" duration-ms="20754" started-at="2021-08-26T12:14:59Z" finished-at="2021-08-26T12:15:19Z">
          <reporter-output>
          </reporter-output>
        </test-method> <!-- setUp -->
        <test-method status="PASS" signature="verifyAccountPin()[pri:0, instance:com.tests.AccountPinPageTest@335eadca]" name="verifyAccountPin" duration-ms="2642" started-at="2021-08-26T12:15:19Z" finished-at="2021-08-26T12:15:22Z">
          <reporter-output>
          </reporter-output>
        </test-method> <!-- verifyAccountPin -->
        <test-method status="PASS" signature="getResult(org.testng.ITestResult)[pri:0, instance:com.tests.AccountPinPageTest@335eadca]" name="getResult" is-config="true" duration-ms="14" started-at="2021-08-26T12:15:22Z" finished-at="2021-08-26T12:15:22Z">
          <params>
            <param index="0">
              <value>
                <![CDATA[[TestResult name=verifyAccountPin status=SUCCESS method=AccountPinPageTest.verifyAccountPin()[pri:0, instance:com.tests.AccountPinPageTest@335eadca] output={null}]]]>
              </value>
            </param>
          </params>
          <reporter-output>
          </reporter-output>
        </test-method> <!-- getResult -->
        <test-method status="PASS" signature="endReport()[pri:0, instance:com.tests.AccountPinPageTest@335eadca]" name="endReport" is-config="true" duration-ms="398" started-at="2021-08-26T12:15:22Z" finished-at="2021-08-26T12:15:22Z">
          <reporter-output>
          </reporter-output>
        </test-method> <!-- endReport -->
      </class> <!-- com.tests.AccountPinPageTest -->
    </test> <!-- Default test -->
  </suite> <!-- Default suite -->
</testng-results>
