<?xml version="1.0" encoding="UTF-8"?>
<testng-results skipped="0" failed="0" ignored="0" total="1" passed="1">
  <reporter-output>
  </reporter-output>
  <suite name="Default suite" duration-ms="16303" started-at="2021-08-31T08:35:16Z" finished-at="2021-08-31T08:35:32Z">
    <groups>
    </groups>
    <test name="Default test" duration-ms="16303" started-at="2021-08-31T08:35:16Z" finished-at="2021-08-31T08:35:32Z">
      <class name="com.tests.AccountPinPageTest">
        <test-method status="PASS" signature="StartReport()[pri:0, instance:com.tests.AccountPinPageTest@4883b407]" name="StartReport" is-config="true" duration-ms="265" started-at="2021-08-31T14:05:15Z" finished-at="2021-08-31T14:05:16Z">
          <reporter-output>
          </reporter-output>
        </test-method> <!-- StartReport -->
        <test-method status="PASS" signature="allPages()[pri:0, instance:com.tests.AccountPinPageTest@4883b407]" name="allPages" is-config="true" duration-ms="0" started-at="2021-08-31T14:05:16Z" finished-at="2021-08-31T14:05:16Z">
          <reporter-output>
          </reporter-output>
        </test-method> <!-- allPages -->
        <test-method status="PASS" signature="setUp()[pri:0, instance:com.tests.AccountPinPageTest@4883b407]" name="setUp" is-config="true" duration-ms="12766" started-at="2021-08-31T14:05:16Z" finished-at="2021-08-31T14:05:28Z">
          <reporter-output>
          </reporter-output>
        </test-method> <!-- setUp -->
        <test-method status="PASS" signature="verifyAccountPin()[pri:0, instance:com.tests.AccountPinPageTest@4883b407]" name="verifyAccountPin" duration-ms="3507" started-at="2021-08-31T14:05:28Z" finished-at="2021-08-31T14:05:32Z">
          <reporter-output>
          </reporter-output>
        </test-method> <!-- verifyAccountPin -->
        <test-method status="PASS" signature="getResult(org.testng.ITestResult)[pri:0, instance:com.tests.AccountPinPageTest@4883b407]" name="getResult" is-config="true" duration-ms="11" started-at="2021-08-31T14:05:32Z" finished-at="2021-08-31T14:05:32Z">
          <params>
            <param index="0">
              <value>
                <![CDATA[[TestResult name=verifyAccountPin status=SUCCESS method=AccountPinPageTest.verifyAccountPin()[pri:0, instance:com.tests.AccountPinPageTest@4883b407] output={null}]]]>
              </value>
            </param>
          </params>
          <reporter-output>
          </reporter-output>
        </test-method> <!-- getResult -->
        <test-method status="PASS" signature="endReport()[pri:0, instance:com.tests.AccountPinPageTest@4883b407]" name="endReport" is-config="true" duration-ms="406" started-at="2021-08-31T14:05:32Z" finished-at="2021-08-31T14:05:32Z">
          <reporter-output>
          </reporter-output>
        </test-method> <!-- endReport -->
      </class> <!-- com.tests.AccountPinPageTest -->
    </test> <!-- Default test -->
  </suite> <!-- Default suite -->
</testng-results>
